[2023-07-21T13:29:39.091+0000] {processor.py:157} INFO - Started process (PID=49) to work on /home/airflow/.local/lib/python3.7/site-packages/airflow/example_dags/example_branch_datetime_operator.py
[2023-07-21T13:29:39.093+0000] {processor.py:826} INFO - Processing file /home/airflow/.local/lib/python3.7/site-packages/airflow/example_dags/example_branch_datetime_operator.py for tasks to queue
[2023-07-21T13:29:39.096+0000] {logging_mixin.py:150} INFO - [2023-07-21T13:29:39.095+0000] {dagbag.py:541} INFO - Filling up the DagBag from /home/airflow/.local/lib/python3.7/site-packages/airflow/example_dags/example_branch_datetime_operator.py
[2023-07-21T13:29:39.128+0000] {processor.py:836} INFO - DAG(s) dict_keys(['example_branch_datetime_operator', 'example_branch_datetime_operator_3', 'example_branch_datetime_operator_2']) retrieved from /home/airflow/.local/lib/python3.7/site-packages/airflow/example_dags/example_branch_datetime_operator.py
[2023-07-21T13:29:39.358+0000] {logging_mixin.py:150} INFO - [2023-07-21T13:29:39.357+0000] {manager.py:504} INFO - Created Permission View: can edit on DAG:example_branch_datetime_operator
[2023-07-21T13:29:39.392+0000] {logging_mixin.py:150} INFO - [2023-07-21T13:29:39.392+0000] {manager.py:504} INFO - Created Permission View: can delete on DAG:example_branch_datetime_operator
[2023-07-21T13:29:39.415+0000] {logging_mixin.py:150} INFO - [2023-07-21T13:29:39.414+0000] {manager.py:504} INFO - Created Permission View: can read on DAG:example_branch_datetime_operator
[2023-07-21T13:29:39.463+0000] {logging_mixin.py:150} INFO - [2023-07-21T13:29:39.462+0000] {manager.py:504} INFO - Created Permission View: can edit on DAG:example_branch_datetime_operator_3
[2023-07-21T13:29:39.486+0000] {logging_mixin.py:150} INFO - [2023-07-21T13:29:39.486+0000] {manager.py:504} INFO - Created Permission View: can delete on DAG:example_branch_datetime_operator_3
[2023-07-21T13:29:39.497+0000] {logging_mixin.py:150} INFO - [2023-07-21T13:29:39.497+0000] {manager.py:504} INFO - Created Permission View: can read on DAG:example_branch_datetime_operator_3
[2023-07-21T13:29:39.561+0000] {logging_mixin.py:150} INFO - [2023-07-21T13:29:39.560+0000] {manager.py:504} INFO - Created Permission View: can edit on DAG:example_branch_datetime_operator_2
[2023-07-21T13:29:39.590+0000] {logging_mixin.py:150} INFO - [2023-07-21T13:29:39.590+0000] {manager.py:504} INFO - Created Permission View: can delete on DAG:example_branch_datetime_operator_2
[2023-07-21T13:29:39.599+0000] {logging_mixin.py:150} INFO - [2023-07-21T13:29:39.599+0000] {manager.py:504} INFO - Created Permission View: can read on DAG:example_branch_datetime_operator_2
[2023-07-21T13:29:39.605+0000] {logging_mixin.py:150} INFO - [2023-07-21T13:29:39.605+0000] {dag.py:2742} INFO - Sync 3 DAGs
[2023-07-21T13:29:39.617+0000] {logging_mixin.py:150} INFO - [2023-07-21T13:29:39.617+0000] {dag.py:2763} INFO - Creating ORM DAG for example_branch_datetime_operator_3
[2023-07-21T13:29:39.619+0000] {logging_mixin.py:150} INFO - [2023-07-21T13:29:39.619+0000] {dag.py:2763} INFO - Creating ORM DAG for example_branch_datetime_operator_2
[2023-07-21T13:29:39.620+0000] {logging_mixin.py:150} INFO - [2023-07-21T13:29:39.620+0000] {dag.py:2763} INFO - Creating ORM DAG for example_branch_datetime_operator
[2023-07-21T13:29:39.642+0000] {logging_mixin.py:150} INFO - [2023-07-21T13:29:39.642+0000] {dag.py:3508} INFO - Setting next_dagrun for example_branch_datetime_operator to 2023-07-20T00:00:00+00:00, run_after=2023-07-21T00:00:00+00:00
[2023-07-21T13:29:39.647+0000] {logging_mixin.py:150} INFO - [2023-07-21T13:29:39.646+0000] {dag.py:3508} INFO - Setting next_dagrun for example_branch_datetime_operator_2 to 2023-07-20T00:00:00+00:00, run_after=2023-07-21T00:00:00+00:00
[2023-07-21T13:29:39.660+0000] {logging_mixin.py:150} INFO - [2023-07-21T13:29:39.658+0000] {dag.py:3508} INFO - Setting next_dagrun for example_branch_datetime_operator_3 to 2023-07-20T00:00:00+00:00, run_after=2023-07-21T00:00:00+00:00
[2023-07-21T13:29:39.745+0000] {processor.py:179} INFO - Processing /home/airflow/.local/lib/python3.7/site-packages/airflow/example_dags/example_branch_datetime_operator.py took 0.658 seconds
