[2023-07-21T13:29:35.982+0000] {processor.py:157} INFO - Started process (PID=32) to work on /home/airflow/.local/lib/python3.7/site-packages/airflow/example_dags/example_datasets.py
[2023-07-21T13:29:35.989+0000] {processor.py:826} INFO - Processing file /home/airflow/.local/lib/python3.7/site-packages/airflow/example_dags/example_datasets.py for tasks to queue
[2023-07-21T13:29:35.992+0000] {logging_mixin.py:150} INFO - [2023-07-21T13:29:35.991+0000] {dagbag.py:541} INFO - Filling up the DagBag from /home/airflow/.local/lib/python3.7/site-packages/airflow/example_dags/example_datasets.py
[2023-07-21T13:29:36.032+0000] {processor.py:836} INFO - DAG(s) dict_keys(['dataset_produces_1', 'dataset_consumes_1_never_scheduled', 'dataset_consumes_1', 'dataset_consumes_1_and_2', 'dataset_consumes_unknown_never_scheduled', 'dataset_produces_2']) retrieved from /home/airflow/.local/lib/python3.7/site-packages/airflow/example_dags/example_datasets.py
[2023-07-21T13:29:36.500+0000] {logging_mixin.py:150} INFO - [2023-07-21T13:29:36.499+0000] {manager.py:504} INFO - Created Permission View: can edit on DAG:dataset_produces_1
[2023-07-21T13:29:36.513+0000] {logging_mixin.py:150} INFO - [2023-07-21T13:29:36.513+0000] {manager.py:504} INFO - Created Permission View: can delete on DAG:dataset_produces_1
[2023-07-21T13:29:36.520+0000] {logging_mixin.py:150} INFO - [2023-07-21T13:29:36.520+0000] {manager.py:504} INFO - Created Permission View: can read on DAG:dataset_produces_1
[2023-07-21T13:29:36.563+0000] {logging_mixin.py:150} INFO - [2023-07-21T13:29:36.562+0000] {manager.py:504} INFO - Created Permission View: can edit on DAG:dataset_consumes_1_never_scheduled
[2023-07-21T13:29:36.575+0000] {logging_mixin.py:150} INFO - [2023-07-21T13:29:36.575+0000] {manager.py:504} INFO - Created Permission View: can delete on DAG:dataset_consumes_1_never_scheduled
[2023-07-21T13:29:36.597+0000] {logging_mixin.py:150} INFO - [2023-07-21T13:29:36.597+0000] {manager.py:504} INFO - Created Permission View: can read on DAG:dataset_consumes_1_never_scheduled
[2023-07-21T13:29:36.649+0000] {logging_mixin.py:150} INFO - [2023-07-21T13:29:36.649+0000] {manager.py:504} INFO - Created Permission View: can edit on DAG:dataset_consumes_1
[2023-07-21T13:29:36.658+0000] {logging_mixin.py:150} INFO - [2023-07-21T13:29:36.658+0000] {manager.py:504} INFO - Created Permission View: can delete on DAG:dataset_consumes_1
[2023-07-21T13:29:36.703+0000] {logging_mixin.py:150} INFO - [2023-07-21T13:29:36.703+0000] {manager.py:504} INFO - Created Permission View: can read on DAG:dataset_consumes_1
[2023-07-21T13:29:36.768+0000] {logging_mixin.py:150} INFO - [2023-07-21T13:29:36.767+0000] {manager.py:504} INFO - Created Permission View: can edit on DAG:dataset_consumes_1_and_2
[2023-07-21T13:29:36.783+0000] {logging_mixin.py:150} INFO - [2023-07-21T13:29:36.783+0000] {manager.py:504} INFO - Created Permission View: can delete on DAG:dataset_consumes_1_and_2
[2023-07-21T13:29:36.790+0000] {logging_mixin.py:150} INFO - [2023-07-21T13:29:36.790+0000] {manager.py:504} INFO - Created Permission View: can read on DAG:dataset_consumes_1_and_2
[2023-07-21T13:29:36.832+0000] {logging_mixin.py:150} INFO - [2023-07-21T13:29:36.831+0000] {manager.py:504} INFO - Created Permission View: can edit on DAG:dataset_consumes_unknown_never_scheduled
[2023-07-21T13:29:36.846+0000] {logging_mixin.py:150} INFO - [2023-07-21T13:29:36.846+0000] {manager.py:504} INFO - Created Permission View: can delete on DAG:dataset_consumes_unknown_never_scheduled
[2023-07-21T13:29:36.854+0000] {logging_mixin.py:150} INFO - [2023-07-21T13:29:36.853+0000] {manager.py:504} INFO - Created Permission View: can read on DAG:dataset_consumes_unknown_never_scheduled
[2023-07-21T13:29:36.901+0000] {logging_mixin.py:150} INFO - [2023-07-21T13:29:36.900+0000] {manager.py:504} INFO - Created Permission View: can edit on DAG:dataset_produces_2
[2023-07-21T13:29:36.916+0000] {logging_mixin.py:150} INFO - [2023-07-21T13:29:36.916+0000] {manager.py:504} INFO - Created Permission View: can delete on DAG:dataset_produces_2
[2023-07-21T13:29:36.952+0000] {logging_mixin.py:150} INFO - [2023-07-21T13:29:36.951+0000] {manager.py:504} INFO - Created Permission View: can read on DAG:dataset_produces_2
[2023-07-21T13:29:37.004+0000] {logging_mixin.py:150} INFO - [2023-07-21T13:29:37.004+0000] {dag.py:2742} INFO - Sync 6 DAGs
[2023-07-21T13:29:37.023+0000] {logging_mixin.py:150} INFO - [2023-07-21T13:29:37.023+0000] {dag.py:2763} INFO - Creating ORM DAG for dataset_consumes_1_never_scheduled
[2023-07-21T13:29:37.025+0000] {logging_mixin.py:150} INFO - [2023-07-21T13:29:37.025+0000] {dag.py:2763} INFO - Creating ORM DAG for dataset_consumes_unknown_never_scheduled
[2023-07-21T13:29:37.030+0000] {logging_mixin.py:150} INFO - [2023-07-21T13:29:37.030+0000] {dag.py:2763} INFO - Creating ORM DAG for dataset_consumes_1_and_2
[2023-07-21T13:29:37.033+0000] {logging_mixin.py:150} INFO - [2023-07-21T13:29:37.032+0000] {dag.py:2763} INFO - Creating ORM DAG for dataset_produces_1
[2023-07-21T13:29:37.039+0000] {logging_mixin.py:150} INFO - [2023-07-21T13:29:37.039+0000] {dag.py:2763} INFO - Creating ORM DAG for dataset_produces_2
[2023-07-21T13:29:37.041+0000] {logging_mixin.py:150} INFO - [2023-07-21T13:29:37.041+0000] {dag.py:2763} INFO - Creating ORM DAG for dataset_consumes_1
[2023-07-21T13:29:37.057+0000] {logging_mixin.py:150} INFO - [2023-07-21T13:29:37.057+0000] {dag.py:3508} INFO - Setting next_dagrun for dataset_consumes_1 to None, run_after=None
[2023-07-21T13:29:37.059+0000] {logging_mixin.py:150} INFO - [2023-07-21T13:29:37.059+0000] {dag.py:3508} INFO - Setting next_dagrun for dataset_consumes_1_and_2 to None, run_after=None
[2023-07-21T13:29:37.061+0000] {logging_mixin.py:150} INFO - [2023-07-21T13:29:37.061+0000] {dag.py:3508} INFO - Setting next_dagrun for dataset_consumes_1_never_scheduled to None, run_after=None
[2023-07-21T13:29:37.063+0000] {logging_mixin.py:150} INFO - [2023-07-21T13:29:37.062+0000] {dag.py:3508} INFO - Setting next_dagrun for dataset_consumes_unknown_never_scheduled to None, run_after=None
[2023-07-21T13:29:37.067+0000] {logging_mixin.py:150} INFO - [2023-07-21T13:29:37.067+0000] {dag.py:3508} INFO - Setting next_dagrun for dataset_produces_1 to 2023-07-20T00:00:00+00:00, run_after=2023-07-21T00:00:00+00:00
[2023-07-21T13:29:37.068+0000] {logging_mixin.py:150} INFO - [2023-07-21T13:29:37.068+0000] {dag.py:3508} INFO - Setting next_dagrun for dataset_produces_2 to None, run_after=None
[2023-07-21T13:29:37.165+0000] {processor.py:179} INFO - Processing /home/airflow/.local/lib/python3.7/site-packages/airflow/example_dags/example_datasets.py took 1.187 seconds
